<?xml version="1.0" encoding="UTF-8"?>
<!-- Generated by org.testng.reporters.JUnitReportReporter -->
<testsuite skipped="0" hostname="DESKTOP-R0GNJAC" name="com.qa.api.gorest.tests.GetUserTest" tests="2" failures="0" timestamp="07 Sep 2020 07:12:05 GMT" time="5.650" errors="0">
  <testcase name="getAllUserListAPITest" time="5.057" classname="com.qa.api.gorest.tests.GetUserTest"/>
  <testcase name="getUserWithQueryParamsAPITest" time="0.593" classname="com.qa.api.gorest.tests.GetUserTest"/>
</testsuite> <!-- com.qa.api.gorest.tests.GetUserTest -->
