<?xml version="1.0" encoding="UTF-8"?>
<!-- Generated by org.testng.reporters.JUnitReportReporter -->
<testsuite skipped="0" hostname="DESKTOP-R0GNJAC" name="com.qa.api.gorest.tests.GetUserTest" tests="2" failures="0" timestamp="08 Sep 2020 07:03:43 GMT" time="7.319" errors="0">
  <testcase name="getAllUserListAPITest" time="3.508" classname="com.qa.api.gorest.tests.GetUserTest"/>
  <testcase name="getUserWithQueryParamsAPITest" time="3.811" classname="com.qa.api.gorest.tests.GetUserTest"/>
</testsuite> <!-- com.qa.api.gorest.tests.GetUserTest -->
