<?xml version="1.0" encoding="UTF-8"?>
<!-- Generated by org.testng.reporters.JUnitReportReporter -->
<testsuite skipped="0" hostname="DESKTOP-R0GNJAC" name="com.qa.api.gorest.tests.GetImgurAPITest" tests="3" failures="0" timestamp="09 Sep 2020 08:46:08 GMT" time="15.269" errors="0">
  <testcase name="uploadImagePostAPITest" time="3.609" classname="com.qa.api.gorest.tests.GetImgurAPITest"/>
  <testcase name="getAccountBlockStatusTest" time="2.467" classname="com.qa.api.gorest.tests.GetImgurAPITest"/>
  <testcase name="getAccountImagesTest" time="9.193" classname="com.qa.api.gorest.tests.GetImgurAPITest"/>
</testsuite> <!-- com.qa.api.gorest.tests.GetImgurAPITest -->
