<?xml version="1.0" encoding="UTF-8"?>
<!-- Generated by org.testng.reporters.JUnitReportReporter -->
<testsuite skipped="0" hostname="DESKTOP-R0GNJAC" name="com.qa.api.gorest.tests.GetUserTest" tests="2" failures="0" timestamp="09 Sep 2020 08:46:08 GMT" time="1.230" errors="0">
  <testcase name="getAllUserListAPITest" time="0.719" classname="com.qa.api.gorest.tests.GetUserTest"/>
  <testcase name="getUserWithQueryParamsAPITest" time="0.511" classname="com.qa.api.gorest.tests.GetUserTest"/>
</testsuite> <!-- com.qa.api.gorest.tests.GetUserTest -->
