<?xml version="1.0" encoding="UTF-8"?>
<!-- Generated by org.testng.reporters.JUnitReportReporter -->
<testsuite skipped="0" hostname="DESKTOP-R0GNJAC" name="com.qa.api.gorest.tests.GetUserTest" tests="1" failures="0" timestamp="31 Aug 2020 19:57:30 GMT" time="2.857" errors="0">
  <testcase name="getUserWithQueryParamsAPITest" time="2.857" classname="com.qa.api.gorest.tests.GetUserTest"/>
</testsuite> <!-- com.qa.api.gorest.tests.GetUserTest -->
