<?xml version="1.0" encoding="UTF-8"?>
<!-- Generated by org.testng.reporters.JUnitReportReporter -->
<testsuite skipped="0" hostname="DESKTOP-R0GNJAC" name="com.qa.api.gorest.tests.GetImgurAPITest" tests="1" failures="0" timestamp="07 Sep 2020 07:06:12 GMT" time="4.580" errors="0">
  <testcase name="getAccountImagesTest" time="4.580" classname="com.qa.api.gorest.tests.GetImgurAPITest"/>
</testsuite> <!-- com.qa.api.gorest.tests.GetImgurAPITest -->
